Performing C SOURCE FILE Test CMAKE_HAVE_LIBC_PTHREAD failed with the following output:
Change Dir: /home/j4cobgarby/Documents/code/CPP/CPPCoursework2021-v101/build/CMakeFiles/CMakeTmp

Run Build Command(s):/usr/bin/make cmTC_2f31c/fast && /usr/bin/make  -f CMakeFiles/cmTC_2f31c.dir/build.make CMakeFiles/cmTC_2f31c.dir/build
make[1]: Entering directory '/home/j4cobgarby/Documents/code/CPP/CPPCoursework2021-v101/build/CMakeFiles/CMakeTmp'
Building C object CMakeFiles/cmTC_2f31c.dir/src.c.o
/usr/bin/cc -DCMAKE_HAVE_LIBC_PTHREAD   -o CMakeFiles/cmTC_2f31c.dir/src.c.o -c /home/j4cobgarby/Documents/code/CPP/CPPCoursework2021-v101/build/CMakeFiles/CMakeTmp/src.c
Linking C executable cmTC_2f31c
/usr/bin/cmake -E cmake_link_script CMakeFiles/cmTC_2f31c.dir/link.txt --verbose=1
/usr/bin/cc -rdynamic CMakeFiles/cmTC_2f31c.dir/src.c.o -o cmTC_2f31c 
/usr/bin/ld: CMakeFiles/cmTC_2f31c.dir/src.c.o: in function `main':
src.c:(.text+0x3e): undefined reference to `pthread_create'
/usr/bin/ld: src.c:(.text+0x4a): undefined reference to `pthread_detach'
/usr/bin/ld: src.c:(.text+0x56): undefined reference to `pthread_cancel'
/usr/bin/ld: src.c:(.text+0x67): undefined reference to `pthread_join'
collect2: error: ld returned 1 exit status
make[1]: *** [CMakeFiles/cmTC_2f31c.dir/build.make:106: cmTC_2f31c] Error 1
make[1]: Leaving directory '/home/j4cobgarby/Documents/code/CPP/CPPCoursework2021-v101/build/CMakeFiles/CMakeTmp'
make: *** [Makefile:140: cmTC_2f31c/fast] Error 2


Source file was:
#include <pthread.h>

static void* test_func(void* data)
{
  return data;
}

int main(void)
{
  pthread_t thread;
  pthread_create(&thread, NULL, test_func, NULL);
  pthread_detach(thread);
  pthread_cancel(thread);
  pthread_join(thread, NULL);
  pthread_atfork(NULL, NULL, NULL);
  pthread_exit(NULL);

  return 0;
}

Determining if the function pthread_create exists in the pthreads failed with the following output:
Change Dir: /home/j4cobgarby/Documents/code/CPP/CPPCoursework2021-v101/build/CMakeFiles/CMakeTmp

Run Build Command(s):/usr/bin/make cmTC_b1f8b/fast && /usr/bin/make  -f CMakeFiles/cmTC_b1f8b.dir/build.make CMakeFiles/cmTC_b1f8b.dir/build
make[1]: Entering directory '/home/j4cobgarby/Documents/code/CPP/CPPCoursework2021-v101/build/CMakeFiles/CMakeTmp'
Building C object CMakeFiles/cmTC_b1f8b.dir/CheckFunctionExists.c.o
/usr/bin/cc   -DCHECK_FUNCTION_EXISTS=pthread_create -o CMakeFiles/cmTC_b1f8b.dir/CheckFunctionExists.c.o -c /usr/share/cmake-3.19/Modules/CheckFunctionExists.c
Linking C executable cmTC_b1f8b
/usr/bin/cmake -E cmake_link_script CMakeFiles/cmTC_b1f8b.dir/link.txt --verbose=1
/usr/bin/cc  -DCHECK_FUNCTION_EXISTS=pthread_create -rdynamic CMakeFiles/cmTC_b1f8b.dir/CheckFunctionExists.c.o -o cmTC_b1f8b  -lpthreads 
/usr/bin/ld: cannot find -lpthreads
collect2: error: ld returned 1 exit status
make[1]: *** [CMakeFiles/cmTC_b1f8b.dir/build.make:106: cmTC_b1f8b] Error 1
make[1]: Leaving directory '/home/j4cobgarby/Documents/code/CPP/CPPCoursework2021-v101/build/CMakeFiles/CMakeTmp'
make: *** [Makefile:140: cmTC_b1f8b/fast] Error 2



Performing C SOURCE FILE Test CMAKE_HAVE_LIBC_PTHREAD failed with the following output:
Change Dir: /home/j4cobgarby/Documents/code/CPP/CPPCoursework2021-v101/build/CMakeFiles/CMakeTmp

Run Build Command(s):/usr/bin/make cmTC_d0b81/fast && make[1]: Entering directory '/home/j4cobgarby/Documents/code/CPP/CPPCoursework2021-v101/build/CMakeFiles/CMakeTmp'
/usr/bin/make  -f CMakeFiles/cmTC_d0b81.dir/build.make CMakeFiles/cmTC_d0b81.dir/build
make[2]: Entering directory '/home/j4cobgarby/Documents/code/CPP/CPPCoursework2021-v101/build/CMakeFiles/CMakeTmp'
Building C object CMakeFiles/cmTC_d0b81.dir/src.c.o
/usr/bin/cc -DCMAKE_HAVE_LIBC_PTHREAD   -o CMakeFiles/cmTC_d0b81.dir/src.c.o -c /home/j4cobgarby/Documents/code/CPP/CPPCoursework2021-v101/build/CMakeFiles/CMakeTmp/src.c
Linking C executable cmTC_d0b81
/usr/bin/cmake -E cmake_link_script CMakeFiles/cmTC_d0b81.dir/link.txt --verbose=1
/usr/bin/cc -rdynamic CMakeFiles/cmTC_d0b81.dir/src.c.o -o cmTC_d0b81 
/usr/bin/ld: CMakeFiles/cmTC_d0b81.dir/src.c.o: in function `main':
src.c:(.text+0x3e): undefined reference to `pthread_create'
/usr/bin/ld: src.c:(.text+0x4a): undefined reference to `pthread_detach'
/usr/bin/ld: src.c:(.text+0x56): undefined reference to `pthread_cancel'
/usr/bin/ld: src.c:(.text+0x67): undefined reference to `pthread_join'
collect2: error: ld returned 1 exit status
make[2]: *** [CMakeFiles/cmTC_d0b81.dir/build.make:106: cmTC_d0b81] Error 1
make[2]: Leaving directory '/home/j4cobgarby/Documents/code/CPP/CPPCoursework2021-v101/build/CMakeFiles/CMakeTmp'
make[1]: *** [Makefile:140: cmTC_d0b81/fast] Error 2
make[1]: Leaving directory '/home/j4cobgarby/Documents/code/CPP/CPPCoursework2021-v101/build/CMakeFiles/CMakeTmp'


Source file was:
#include <pthread.h>

static void* test_func(void* data)
{
  return data;
}

int main(void)
{
  pthread_t thread;
  pthread_create(&thread, NULL, test_func, NULL);
  pthread_detach(thread);
  pthread_cancel(thread);
  pthread_join(thread, NULL);
  pthread_atfork(NULL, NULL, NULL);
  pthread_exit(NULL);

  return 0;
}

Determining if the function pthread_create exists in the pthreads failed with the following output:
Change Dir: /home/j4cobgarby/Documents/code/CPP/CPPCoursework2021-v101/build/CMakeFiles/CMakeTmp

Run Build Command(s):/usr/bin/make cmTC_4ee40/fast && make[1]: Entering directory '/home/j4cobgarby/Documents/code/CPP/CPPCoursework2021-v101/build/CMakeFiles/CMakeTmp'
/usr/bin/make  -f CMakeFiles/cmTC_4ee40.dir/build.make CMakeFiles/cmTC_4ee40.dir/build
make[2]: Entering directory '/home/j4cobgarby/Documents/code/CPP/CPPCoursework2021-v101/build/CMakeFiles/CMakeTmp'
Building C object CMakeFiles/cmTC_4ee40.dir/CheckFunctionExists.c.o
/usr/bin/cc   -DCHECK_FUNCTION_EXISTS=pthread_create -o CMakeFiles/cmTC_4ee40.dir/CheckFunctionExists.c.o -c /usr/share/cmake-3.19/Modules/CheckFunctionExists.c
Linking C executable cmTC_4ee40
/usr/bin/cmake -E cmake_link_script CMakeFiles/cmTC_4ee40.dir/link.txt --verbose=1
/usr/bin/cc  -DCHECK_FUNCTION_EXISTS=pthread_create -rdynamic CMakeFiles/cmTC_4ee40.dir/CheckFunctionExists.c.o -o cmTC_4ee40  -lpthreads 
/usr/bin/ld: cannot find -lpthreads
collect2: error: ld returned 1 exit status
make[2]: *** [CMakeFiles/cmTC_4ee40.dir/build.make:106: cmTC_4ee40] Error 1
make[2]: Leaving directory '/home/j4cobgarby/Documents/code/CPP/CPPCoursework2021-v101/build/CMakeFiles/CMakeTmp'
make[1]: *** [Makefile:140: cmTC_4ee40/fast] Error 2
make[1]: Leaving directory '/home/j4cobgarby/Documents/code/CPP/CPPCoursework2021-v101/build/CMakeFiles/CMakeTmp'



